<?xml version="1.0" encoding="UTF-8"?>
<!-- Generated by org.testng.reporters.JUnitReportReporter -->
<testsuite hostname="chuck-home" name="com.learnautomation.testcases.LoginTestCRM" tests="2" failures="0" timestamp="13 Jul 2019 22:27:17 GMT" time="4.084" errors="0">
  <testcase name="loginApp1" time="0.378" classname="com.learnautomation.testcases.LoginTestCRM"/>
  <testcase name="loginApp" time="3.706" classname="com.learnautomation.testcases.LoginTestCRM"/>
</testsuite> <!-- com.learnautomation.testcases.LoginTestCRM -->
