<?xml version="1.0" encoding="UTF-8"?>
<!-- Generated by org.testng.reporters.JUnitReportReporter -->
<testsuite hostname="chuck-home" name="com.learnautomation.testcases.LoginTestCRM" tests="2" failures="0" timestamp="15 Jul 2019 22:21:12 GMT" time="4.532" errors="0">
  <testcase name="loginApp" time="3.761" classname="com.learnautomation.testcases.LoginTestCRM"/>
  <testcase name="loginApp1" time="0.771" classname="com.learnautomation.testcases.LoginTestCRM"/>
</testsuite> <!-- com.learnautomation.testcases.LoginTestCRM -->
