<?xml version="1.0" encoding="UTF-8"?>
<!-- Generated by org.testng.reporters.JUnitReportReporter -->
<testsuite hostname="chuck-home" name="com.learnautomation.testcases.LoginTestCRM" tests="2" failures="0" timestamp="14 Jul 2019 02:56:34 GMT" time="4.007" errors="0">
  <testcase name="loginApp" time="3.650" classname="com.learnautomation.testcases.LoginTestCRM"/>
  <testcase name="loginApp1" time="0.357" classname="com.learnautomation.testcases.LoginTestCRM"/>
</testsuite> <!-- com.learnautomation.testcases.LoginTestCRM -->
